<?xml version="1.0" encoding="utf-8"?><testsuites name="pytest tests"><testsuite name="pytest" errors="0" failures="0" skipped="0" tests="24" time="5.376" timestamp="2026-05-30T15:20:31.237512+00:00" hostname="agent-env-5e13115a-8c03-424d-8b34-5941a1dd46a5"><testcase classname="backend.tests.test_admin_reports.TestAdminGuard" name="test_hr_forbidden[/admin/dashboard]" time="0.645" /><testcase classname="backend.tests.test_admin_reports.TestAdminGuard" name="test_hr_forbidden[/admin/users]" time="0.115" /><testcase classname="backend.tests.test_admin_reports.TestAdminGuard" name="test_hr_forbidden[/admin/resumes]" time="0.121" /><testcase classname="backend.tests.test_admin_reports.TestAdminGuard" name="test_hr_forbidden[/admin/analytics]" time="0.137" /><testcase classname="backend.tests.test_admin_reports.TestAdminGuard" name="test_hr_forbidden[/admin/ai-usage]" time="0.105" /><testcase classname="backend.tests.test_admin_reports.TestAdminGuard" name="test_admin_ok[/admin/dashboard]" time="0.449" /><testcase classname="backend.tests.test_admin_reports.TestAdminGuard" name="test_admin_ok[/admin/users]" time="0.115" /><testcase classname="backend.tests.test_admin_reports.TestAdminGuard" name="test_admin_ok[/admin/resumes]" time="0.108" /><testcase classname="backend.tests.test_admin_reports.TestAdminGuard" name="test_admin_ok[/admin/analytics]" time="0.123" /><testcase classname="backend.tests.test_admin_reports.TestAdminGuard" name="test_admin_ok[/admin/ai-usage]" time="0.115" /><testcase classname="backend.tests.test_admin_reports.TestAdminGuard" name="test_unauth_blocked" time="0.116" /><testcase classname="backend.tests.test_admin_reports.TestAdminDashboard" name="test_dashboard_shape" time="0.110" /><testcase classname="backend.tests.test_admin_reports.TestAdminUsers" name="test_users_list_enriched" time="0.168" /><testcase classname="backend.tests.test_admin_reports.TestAdminUsers" name="test_status_toggle_lifecycle" time="1.276" /><testcase classname="backend.tests.test_admin_reports.TestAdminUsers" name="test_admin_cannot_deactivate_self" time="0.225" /><testcase classname="backend.tests.test_admin_reports.TestAdminUsers" name="test_role_toggle_lifecycle" time="0.246" /><testcase classname="backend.tests.test_admin_reports.TestAdminUsers" name="test_role_invalid" time="0.139" /><testcase classname="backend.tests.test_admin_reports.TestAdminResumes" name="test_resumes_pagination" time="0.102" /><testcase classname="backend.tests.test_admin_reports.TestAdminResumes" name="test_resumes_page2" time="0.115" /><testcase classname="backend.tests.test_admin_reports.TestAdminAnalytics" name="test_analytics_payload" time="0.178" /><testcase classname="backend.tests.test_admin_reports.TestAdminAIUsage" name="test_ai_usage_payload" time="0.117" /><testcase classname="backend.tests.test_admin_reports.TestReports" name="test_reports_hr_payload" time="0.100" /><testcase classname="backend.tests.test_admin_reports.TestReports" name="test_reports_requires_auth" time="0.109" /><testcase classname="backend.tests.test_admin_reports.TestReports" name="test_reports_admin_works_but_empty" time="0.127" /></testsuite></testsuites>