<?xml version="1.0" encoding="utf-8"?><testsuites name="pytest tests"><testsuite name="pytest" errors="0" failures="2" skipped="0" tests="23" time="72.095" timestamp="2026-05-30T14:10:41.050801+00:00" hostname="agent-env-5e13115a-8c03-424d-8b34-5941a1dd46a5"><testcase classname="backend.tests.backend_test.TestAuth" name="test_hr_login_success" time="0.618" /><testcase classname="backend.tests.backend_test.TestAuth" name="test_admin_login_success" time="0.364" /><testcase classname="backend.tests.backend_test.TestAuth" name="test_login_invalid_password" time="0.349" /><testcase classname="backend.tests.backend_test.TestAuth" name="test_login_unknown_email" time="0.146" /><testcase classname="backend.tests.backend_test.TestAuth" name="test_me_returns_user" time="0.467" /><testcase classname="backend.tests.backend_test.TestAuth" name="test_me_no_token_unauth" time="0.169" /><testcase classname="backend.tests.backend_test.TestAuth" name="test_signup_creates_user" time="0.095"><failure message="AssertionError: {&quot;detail&quot;:[{&quot;type&quot;:&quot;value_error&quot;,&quot;loc&quot;:[&quot;body&quot;,&quot;email&quot;],&quot;msg&quot;:&quot;value is not a valid email address: The part after the @-sign is a special-use or reserved name that cannot be used with email.&quot;,&quot;input&quot;:&quot;test_a9e014bb@hireflow.test&quot;,&quot;ctx&quot;:{&quot;reason&quot;:&quot;The part after the @-sign is a special-use or reserved name that cannot be used with email.&quot;}}]}&#10;assert 422 == 200&#10; +  where 422 = &lt;Response [422]&gt;.status_code">backend/tests/backend_test.py:112: in test_signup_creates_user
    assert r.status_code == 200, r.text
E   AssertionError: {"detail":[{"type":"value_error","loc":["body","email"],"msg":"value is not a valid email address: The part after the @-sign is a special-use or reserved name that cannot be used with email.","input":"test_a9e014bb@hireflow.test","ctx":{"reason":"The part after the @-sign is a special-use or reserved name that cannot be used with email."}}]}
E   assert 422 == 200
E    +  where 422 = &lt;Response [422]&gt;.status_code</failure></testcase><testcase classname="backend.tests.backend_test.TestJobs" name="test_list_jobs" time="0.141" /><testcase classname="backend.tests.backend_test.TestJobs" name="test_create_get_update_job" time="0.620" /><testcase classname="backend.tests.backend_test.TestJobs" name="test_create_job_validation" time="0.218" /><testcase classname="backend.tests.backend_test.TestJobs" name="test_jobs_unauth" time="0.125" /><testcase classname="backend.tests.backend_test.TestCandidates" name="test_list_candidates" time="0.222" /><testcase classname="backend.tests.backend_test.TestCandidates" name="test_upload_pdf_and_lifecycle" time="0.976"><failure message="assert 404 == 200&#10; +  where 404 = &lt;Response [404]&gt;.status_code">backend/tests/backend_test.py:246: in test_upload_pdf_and_lifecycle
    assert b.status_code == 200
E   assert 404 == 200
E    +  where 404 = &lt;Response [404]&gt;.status_code</failure></testcase><testcase classname="backend.tests.backend_test.TestCandidates" name="test_upload_rejects_non_pdf" time="0.115" /><testcase classname="backend.tests.backend_test.TestDashboard" name="test_dashboard_payload" time="0.117" /><testcase classname="backend.tests.backend_test.TestAI" name="test_enhance_jd" time="12.216" /><testcase classname="backend.tests.backend_test.TestAI" name="test_enhance_jd_validation" time="0.152" /><testcase classname="backend.tests.backend_test.TestAI" name="test_rank_candidates" time="11.916" /><testcase classname="backend.tests.backend_test.TestAI" name="test_questions" time="10.674" /><testcase classname="backend.tests.backend_test.TestAI" name="test_email" time="7.237" /><testcase classname="backend.tests.backend_test.TestAI" name="test_summary" time="10.638" /><testcase classname="backend.tests.backend_test.TestAI" name="test_compare" time="6.168" /><testcase classname="backend.tests.backend_test.TestAI" name="test_pipeline_health" time="8.052" /></testsuite></testsuites>